\BOOKMARK [1][-]{section.1}{\376\377\000I\000n\000t\000r\000o\000d\000u\000c\000t\000i\000o\000n}{}% 1
\BOOKMARK [2][-]{subsection.1.1}{\376\377\000P\000r\000o\000j\000e\000c\000t\000\040\000A\000n\000a\000l\000y\000s\000i\000s}{section.1}% 2
\BOOKMARK [2][-]{subsection.1.2}{\376\377\000O\000r\000g\000a\000n\000i\000z\000a\000t\000i\000o\000n}{section.1}% 3
\BOOKMARK [1][-]{section.2}{\376\377\000T\000h\000e\000\040\000g\000a\000m\000e\000\040\000c\000o\000m\000p\000o\000n\000e\000n\000t\000s}{}% 4
\BOOKMARK [2][-]{subsection.2.1}{\376\377\000T\000h\000e\000\040\000P\000l\000a\000y\000e\000r\000s}{section.2}% 5
\BOOKMARK [3][-]{subsubsection.2.1.1}{\376\377\000H\000u\000m\000a\000n\000s}{subsection.2.1}% 6
\BOOKMARK [3][-]{subsubsection.2.1.2}{\376\377\000A\000r\000t\000i\000f\000i\000c\000i\000a\000l\000\040\000I\000n\000t\000e\000l\000l\000i\000g\000e\000n\000c\000e\000s}{subsection.2.1}% 7
\BOOKMARK [2][-]{subsection.2.2}{\376\377\000T\000h\000e\000\040\000C\000o\000o\000r\000d\000i\000n\000a\000t\000e\000s\000\040\000S\000y\000s\000t\000e\000m}{section.2}% 8
\BOOKMARK [2][-]{subsection.2.3}{\376\377\000T\000h\000e\000\040\000b\000o\000a\000r\000d}{section.2}% 9
\BOOKMARK [1][-]{section.3}{\376\377\000T\000h\000e\000\040\000g\000a\000m\000e\000\040\000e\000n\000g\000i\000n\000e\000s}{}% 10
\BOOKMARK [2][-]{subsection.3.1}{\376\377\000G\000a\000m\000e\000m\000o\000d\000e\000s}{section.3}% 11
\BOOKMARK [2][-]{subsection.3.2}{\376\377\000M\000a\000n\000a\000g\000i\000n\000g\000\040\000c\000o\000l\000l\000i\000s\000i\000o\000n\000s}{section.3}% 12
\BOOKMARK [2][-]{subsection.3.3}{\376\377\0004\000\040\000A\000r\000t\000i\000f\000i\000c\000i\000a\000l\000\040\000I\000n\000t\000e\000l\000l\000i\000g\000e\000n\000c\000e\000s}{section.3}% 13
\BOOKMARK [2][-]{subsection.3.4}{\376\377\0004\000\040\000P\000l\000a\000y\000e\000r\000s}{section.3}% 14
\BOOKMARK [2][-]{subsection.3.5}{\376\377\0001\000\040\000P\000l\000a\000y\000e\000r\000\040\000v\000e\000r\000s\000u\000s\000\040\0003\000\040\000A\000r\000t\000i\000f\000i\000c\000i\000a\000l\000\040\000I\000n\000t\000e\000l\000l\000i\000g\000e\000n\000c\000e\000s}{section.3}% 15
\BOOKMARK [1][-]{section.4}{\376\377\000T\000h\000e\000\040\000g\000r\000a\000p\000h\000i\000c\000a\000l\000\040\000u\000s\000e\000r\000\040\000i\000n\000t\000e\000r\000f\000a\000c\000e\000\040\000\050\000G\000U\000I\000\051}{}% 16
\BOOKMARK [2][-]{subsection.4.1}{\376\377\000A\000s\000p\000e\000c\000t\000\040\000o\000f\000\040\000t\000h\000e\000\040\000g\000a\000m\000e}{section.4}% 17
\BOOKMARK [2][-]{subsection.4.2}{\376\377\000I\000n\000t\000e\000r\000a\000c\000t\000i\000o\000n\000s\000\040\000w\000i\000t\000h\000\040\000t\000h\000e\000\040\000u\000s\000e\000r}{section.4}% 18
\BOOKMARK [2][-]{subsection.4.3}{\376\377\000T\000r\000a\000n\000s\000l\000a\000t\000i\000n\000g\000\040\000r\000e\000l\000a\000t\000i\000v\000e\000s\000\040\000c\000o\000o\000r\000d\000i\000n\000a\000t\000e\000s\000\040\000i\000n\000\040\000a\000b\000s\000o\000l\000u\000t\000e\000\040\000c\000o\000o\000r\000d\000i\000n\000a\000t\000e\000s}{section.4}% 19
\BOOKMARK [1][-]{section*.1}{\376\377\000A\000p\000p\000e\000n\000d\000i\000c\000e\000s}{}% 20
\BOOKMARK [1][-]{appendix.A}{\376\377\000U\000n\000i\000f\000i\000e\000d\000\040\000M\000o\000d\000e\000l\000i\000n\000g\000\040\000\050\000U\000M\000L\000\051\000\040\000D\000i\000a\000g\000r\000a\000m}{}% 21
